{"E:\\Downloads\\Login\\src\\app.js": {"path":"E:\\Downloads\\Login\\src\\app.js","statementMap":{"0":{"start":{"line":1,"column":16},"end":{"line":1,"column":34}},"1":{"start":{"line":2,"column":19},"end":{"line":2,"column":41}},"2":{"start":{"line":3,"column":21},"end":{"line":3,"column":45}},"3":{"start":{"line":4,"column":16},"end":{"line":4,"column":42}},"4":{"start":{"line":5,"column":13},"end":{"line":5,"column":28}},"5":{"start":{"line":7,"column":19},"end":{"line":7,"column":43}},"6":{"start":{"line":8,"column":19},"end":{"line":8,"column":43}},"7":{"start":{"line":11,"column":14},"end":{"line":11,"column":23}},"8":{"start":{"line":14,"column":2},"end":{"line":14,"column":32}},"9":{"start":{"line":15,"column":2},"end":{"line":15,"column":50}},"10":{"start":{"line":17,"column":2},"end":{"line":17,"column":53}},"11":{"start":{"line":18,"column":2},"end":{"line":18,"column":26}},"12":{"start":{"line":19,"column":2},"end":{"line":24,"column":6}},"13":{"start":{"line":26,"column":2},"end":{"line":26,"column":31}},"14":{"start":{"line":27,"column":2},"end":{"line":27,"column":27}},"15":{"start":{"line":29,"column":2},"end":{"line":29,"column":59}},"16":{"start":{"line":29,"column":35},"end":{"line":29,"column":57}},"17":{"start":{"line":31,"column":2},"end":{"line":31,"column":13}},"18":{"start":{"line":34,"column":0},"end":{"line":34,"column":27}}},"fnMap":{"0":{"name":"createApp","decl":{"start":{"line":10,"column":9},"end":{"line":10,"column":18}},"loc":{"start":{"line":10,"column":21},"end":{"line":32,"column":1}},"line":10},"1":{"name":"(anonymous_1)","decl":{"start":{"line":29,"column":21},"end":{"line":29,"column":22}},"loc":{"start":{"line":29,"column":35},"end":{"line":29,"column":57}},"line":29}},"branchMap":{},"s":{"0":1,"1":1,"2":1,"3":1,"4":1,"5":1,"6":1,"7":2,"8":2,"9":2,"10":2,"11":2,"12":2,"13":2,"14":2,"15":2,"16":0,"17":2,"18":1},"f":{"0":2,"1":0},"b":{},"_coverageSchema":"1a1c01bbd47fc00a2c39e90264f33305004495a9","hash":"29eccf02279282bb37b4c2569820596a94644c98"}
,"E:\\Downloads\\Login\\src\\middleware\\authMiddleware.js": {"path":"E:\\Downloads\\Login\\src\\middleware\\authMiddleware.js","statementMap":{"0":{"start":{"line":2,"column":0},"end":{"line":2,"column":51}},"1":{"start":{"line":2,"column":37},"end":{"line":2,"column":51}},"2":{"start":{"line":3,"column":0},"end":{"line":3,"column":55}},"3":{"start":{"line":7,"column":0},"end":{"line":7,"column":33}}},"fnMap":{"0":{"name":"requireAuth","decl":{"start":{"line":1,"column":9},"end":{"line":1,"column":20}},"loc":{"start":{"line":1,"column":37},"end":{"line":4,"column":1}},"line":1}},"branchMap":{"0":{"loc":{"start":{"line":2,"column":0},"end":{"line":2,"column":51}},"type":"if","locations":[{"start":{"line":2,"column":0},"end":{"line":2,"column":51}},{"start":{},"end":{}}],"line":2},"1":{"loc":{"start":{"line":2,"column":4},"end":{"line":2,"column":35}},"type":"binary-expr","locations":[{"start":{"line":2,"column":4},"end":{"line":2,"column":15}},{"start":{"line":2,"column":19},"end":{"line":2,"column":35}}],"line":2}},"s":{"0":2,"1":1,"2":1,"3":2},"f":{"0":2},"b":{"0":[1,1],"1":[2,1]},"_coverageSchema":"1a1c01bbd47fc00a2c39e90264f33305004495a9","hash":"74ac6c7bde5d4b1d0953386893f602d2dc3caa79"}
,"E:\\Downloads\\Login\\src\\routes\\auth.js": {"path":"E:\\Downloads\\Login\\src\\routes\\auth.js","statementMap":{"0":{"start":{"line":1,"column":16},"end":{"line":1,"column":34}},"1":{"start":{"line":2,"column":15},"end":{"line":2,"column":31}},"2":{"start":{"line":3,"column":20},"end":{"line":3,"column":54}},"3":{"start":{"line":6,"column":0},"end":{"line":8,"column":3}},"4":{"start":{"line":7,"column":2},"end":{"line":7,"column":25}},"5":{"start":{"line":10,"column":0},"end":{"line":21,"column":3}},"6":{"start":{"line":11,"column":33},"end":{"line":11,"column":47}},"7":{"start":{"line":12,"column":2},"end":{"line":12,"column":88}},"8":{"start":{"line":12,"column":30},"end":{"line":12,"column":88}},"9":{"start":{"line":13,"column":2},"end":{"line":20,"column":3}},"10":{"start":{"line":14,"column":17},"end":{"line":14,"column":69}},"11":{"start":{"line":15,"column":4},"end":{"line":15,"column":28}},"12":{"start":{"line":16,"column":4},"end":{"line":16,"column":26}},"13":{"start":{"line":18,"column":4},"end":{"line":18,"column":103}},"14":{"start":{"line":18,"column":38},"end":{"line":18,"column":103}},"15":{"start":{"line":19,"column":4},"end":{"line":19,"column":60}},"16":{"start":{"line":24,"column":0},"end":{"line":26,"column":3}},"17":{"start":{"line":25,"column":2},"end":{"line":25,"column":22}},"18":{"start":{"line":28,"column":0},"end":{"line":35,"column":3}},"19":{"start":{"line":29,"column":33},"end":{"line":29,"column":47}},"20":{"start":{"line":30,"column":2},"end":{"line":30,"column":85}},"21":{"start":{"line":30,"column":30},"end":{"line":30,"column":85}},"22":{"start":{"line":31,"column":15},"end":{"line":31,"column":69}},"23":{"start":{"line":32,"column":2},"end":{"line":32,"column":77}},"24":{"start":{"line":32,"column":13},"end":{"line":32,"column":77}},"25":{"start":{"line":33,"column":2},"end":{"line":33,"column":26}},"26":{"start":{"line":34,"column":2},"end":{"line":34,"column":24}},"27":{"start":{"line":38,"column":0},"end":{"line":43,"column":3}},"28":{"start":{"line":39,"column":2},"end":{"line":42,"column":5}},"29":{"start":{"line":40,"column":4},"end":{"line":40,"column":55}},"30":{"start":{"line":40,"column":13},"end":{"line":40,"column":55}},"31":{"start":{"line":41,"column":4},"end":{"line":41,"column":32}},"32":{"start":{"line":45,"column":0},"end":{"line":45,"column":24}}},"fnMap":{"0":{"name":"(anonymous_0)","decl":{"start":{"line":6,"column":24},"end":{"line":6,"column":25}},"loc":{"start":{"line":6,"column":38},"end":{"line":8,"column":1}},"line":6},"1":{"name":"(anonymous_1)","decl":{"start":{"line":10,"column":25},"end":{"line":10,"column":26}},"loc":{"start":{"line":10,"column":45},"end":{"line":21,"column":1}},"line":10},"2":{"name":"(anonymous_2)","decl":{"start":{"line":24,"column":21},"end":{"line":24,"column":22}},"loc":{"start":{"line":24,"column":35},"end":{"line":26,"column":1}},"line":24},"3":{"name":"(anonymous_3)","decl":{"start":{"line":28,"column":22},"end":{"line":28,"column":23}},"loc":{"start":{"line":28,"column":42},"end":{"line":35,"column":1}},"line":28},"4":{"name":"(anonymous_4)","decl":{"start":{"line":38,"column":22},"end":{"line":38,"column":23}},"loc":{"start":{"line":38,"column":36},"end":{"line":43,"column":1}},"line":38},"5":{"name":"(anonymous_5)","decl":{"start":{"line":39,"column":22},"end":{"line":39,"column":23}},"loc":{"start":{"line":39,"column":29},"end":{"line":42,"column":3}},"line":39}},"branchMap":{"0":{"loc":{"start":{"line":11,"column":33},"end":{"line":11,"column":47}},"type":"binary-expr","locations":[{"start":{"line":11,"column":33},"end":{"line":11,"column":41}},{"start":{"line":11,"column":45},"end":{"line":11,"column":47}}],"line":11},"1":{"loc":{"start":{"line":12,"column":2},"end":{"line":12,"column":88}},"type":"if","locations":[{"start":{"line":12,"column":2},"end":{"line":12,"column":88}},{"start":{},"end":{}}],"line":12},"2":{"loc":{"start":{"line":12,"column":6},"end":{"line":12,"column":28}},"type":"binary-expr","locations":[{"start":{"line":12,"column":6},"end":{"line":12,"column":15}},{"start":{"line":12,"column":19},"end":{"line":12,"column":28}}],"line":12},"3":{"loc":{"start":{"line":18,"column":4},"end":{"line":18,"column":103}},"type":"if","locations":[{"start":{"line":18,"column":4},"end":{"line":18,"column":103}},{"start":{},"end":{}}],"line":18},"4":{"loc":{"start":{"line":29,"column":33},"end":{"line":29,"column":47}},"type":"binary-expr","locations":[{"start":{"line":29,"column":33},"end":{"line":29,"column":41}},{"start":{"line":29,"column":45},"end":{"line":29,"column":47}}],"line":29},"5":{"loc":{"start":{"line":30,"column":2},"end":{"line":30,"column":85}},"type":"if","locations":[{"start":{"line":30,"column":2},"end":{"line":30,"column":85}},{"start":{},"end":{}}],"line":30},"6":{"loc":{"start":{"line":30,"column":6},"end":{"line":30,"column":28}},"type":"binary-expr","locations":[{"start":{"line":30,"column":6},"end":{"line":30,"column":15}},{"start":{"line":30,"column":19},"end":{"line":30,"column":28}}],"line":30},"7":{"loc":{"start":{"line":32,"column":2},"end":{"line":32,"column":77}},"type":"if","locations":[{"start":{"line":32,"column":2},"end":{"line":32,"column":77}},{"start":{},"end":{}}],"line":32},"8":{"loc":{"start":{"line":40,"column":4},"end":{"line":40,"column":55}},"type":"if","locations":[{"start":{"line":40,"column":4},"end":{"line":40,"column":55}},{"start":{},"end":{}}],"line":40}},"s":{"0":1,"1":1,"2":1,"3":1,"4":0,"5":1,"6":1,"7":1,"8":1,"9":0,"10":0,"11":0,"12":0,"13":0,"14":0,"15":0,"16":1,"17":0,"18":1,"19":1,"20":1,"21":1,"22":0,"23":0,"24":0,"25":0,"26":0,"27":1,"28":0,"29":0,"30":0,"31":0,"32":1},"f":{"0":0,"1":1,"2":0,"3":1,"4":0,"5":0},"b":{"0":[1,0],"1":[1,0],"2":[1,0],"3":[0,0],"4":[1,0],"5":[1,0],"6":[1,0],"7":[0,0],"8":[0,0]},"_coverageSchema":"1a1c01bbd47fc00a2c39e90264f33305004495a9","hash":"e64c68992eef6a8cfcbe65d772fa89c137c45354"}
,"E:\\Downloads\\Login\\src\\routes\\main.js": {"path":"E:\\Downloads\\Login\\src\\routes\\main.js","statementMap":{"0":{"start":{"line":1,"column":16},"end":{"line":1,"column":34}},"1":{"start":{"line":2,"column":15},"end":{"line":2,"column":31}},"2":{"start":{"line":3,"column":24},"end":{"line":3,"column":63}},"3":{"start":{"line":5,"column":0},"end":{"line":8,"column":3}},"4":{"start":{"line":6,"column":15},"end":{"line":6,"column":31}},"5":{"start":{"line":7,"column":2},"end":{"line":7,"column":31}},"6":{"start":{"line":10,"column":0},"end":{"line":10,"column":24}}},"fnMap":{"0":{"name":"(anonymous_0)","decl":{"start":{"line":5,"column":33},"end":{"line":5,"column":34}},"loc":{"start":{"line":5,"column":47},"end":{"line":8,"column":1}},"line":5}},"branchMap":{},"s":{"0":1,"1":1,"2":1,"3":1,"4":0,"5":0,"6":1},"f":{"0":0},"b":{},"_coverageSchema":"1a1c01bbd47fc00a2c39e90264f33305004495a9","hash":"f1dd34bc8d5b62220413edeefabb84e3a058fde5"}
,"E:\\Downloads\\Login\\src\\services\\userService.js": {"path":"E:\\Downloads\\Login\\src\\services\\userService.js","statementMap":{"0":{"start":{"line":2,"column":15},"end":{"line":2,"column":32}},"1":{"start":{"line":5,"column":14},"end":{"line":5,"column":16}},"2":{"start":{"line":9,"column":0},"end":{"line":11,"column":1}},"3":{"start":{"line":9,"column":20},"end":{"line":9,"column":43}},"4":{"start":{"line":10,"column":0},"end":{"line":10,"column":30}},"5":{"start":{"line":12,"column":15},"end":{"line":12,"column":46}},"6":{"start":{"line":13,"column":13},"end":{"line":13,"column":65}},"7":{"start":{"line":14,"column":0},"end":{"line":14,"column":17}},"8":{"start":{"line":15,"column":0},"end":{"line":15,"column":48}},"9":{"start":{"line":20,"column":13},"end":{"line":20,"column":53}},"10":{"start":{"line":20,"column":29},"end":{"line":20,"column":52}},"11":{"start":{"line":21,"column":0},"end":{"line":21,"column":23}},"12":{"start":{"line":21,"column":11},"end":{"line":21,"column":23}},"13":{"start":{"line":22,"column":11},"end":{"line":22,"column":56}},"14":{"start":{"line":23,"column":0},"end":{"line":23,"column":60}},"15":{"start":{"line":28,"column":0},"end":{"line":28,"column":56}},"16":{"start":{"line":28,"column":23},"end":{"line":28,"column":46}},"17":{"start":{"line":33,"column":0},"end":{"line":33,"column":17}},"18":{"start":{"line":37,"column":0},"end":{"line":37,"column":82}}},"fnMap":{"0":{"name":"createUser","decl":{"start":{"line":8,"column":15},"end":{"line":8,"column":25}},"loc":{"start":{"line":8,"column":50},"end":{"line":16,"column":1}},"line":8},"1":{"name":"(anonymous_1)","decl":{"start":{"line":9,"column":15},"end":{"line":9,"column":16}},"loc":{"start":{"line":9,"column":20},"end":{"line":9,"column":43}},"line":9},"2":{"name":"authenticate","decl":{"start":{"line":19,"column":15},"end":{"line":19,"column":27}},"loc":{"start":{"line":19,"column":52},"end":{"line":24,"column":1}},"line":19},"3":{"name":"(anonymous_3)","decl":{"start":{"line":20,"column":24},"end":{"line":20,"column":25}},"loc":{"start":{"line":20,"column":29},"end":{"line":20,"column":52}},"line":20},"4":{"name":"findUserByUsername","decl":{"start":{"line":27,"column":9},"end":{"line":27,"column":27}},"loc":{"start":{"line":27,"column":38},"end":{"line":29,"column":1}},"line":27},"5":{"name":"(anonymous_5)","decl":{"start":{"line":28,"column":18},"end":{"line":28,"column":19}},"loc":{"start":{"line":28,"column":23},"end":{"line":28,"column":46}},"line":28},"6":{"name":"_resetForTests","decl":{"start":{"line":32,"column":9},"end":{"line":32,"column":23}},"loc":{"start":{"line":32,"column":26},"end":{"line":34,"column":1}},"line":32}},"branchMap":{"0":{"loc":{"start":{"line":9,"column":0},"end":{"line":11,"column":1}},"type":"if","locations":[{"start":{"line":9,"column":0},"end":{"line":11,"column":1}},{"start":{},"end":{}}],"line":9},"1":{"loc":{"start":{"line":21,"column":0},"end":{"line":21,"column":23}},"type":"if","locations":[{"start":{"line":21,"column":0},"end":{"line":21,"column":23}},{"start":{},"end":{}}],"line":21},"2":{"loc":{"start":{"line":23,"column":7},"end":{"line":23,"column":59}},"type":"cond-expr","locations":[{"start":{"line":23,"column":12},"end":{"line":23,"column":52}},{"start":{"line":23,"column":55},"end":{"line":23,"column":59}}],"line":23},"3":{"loc":{"start":{"line":28,"column":7},"end":{"line":28,"column":55}},"type":"binary-expr","locations":[{"start":{"line":28,"column":7},"end":{"line":28,"column":47}},{"start":{"line":28,"column":51},"end":{"line":28,"column":55}}],"line":28}},"s":{"0":2,"1":2,"2":5,"3":1,"4":1,"5":4,"6":4,"7":4,"8":4,"9":2,"10":2,"11":2,"12":0,"13":2,"14":2,"15":1,"16":1,"17":5,"18":2},"f":{"0":5,"1":1,"2":2,"3":2,"4":1,"5":1,"6":5},"b":{"0":[1,4],"1":[0,2],"2":[1,1],"3":[1,0]},"_coverageSchema":"1a1c01bbd47fc00a2c39e90264f33305004495a9","hash":"bb850f0a2b3a1418bd56be96a5cc8cc77cd2d78b"}
}
