TN:
SF:src\app.js
FN:10,createApp
FN:29,(anonymous_1)
FNF:2
FNH:1
FNDA:2,createApp
FNDA:0,(anonymous_1)
DA:1,1
DA:2,1
DA:3,1
DA:4,1
DA:5,1
DA:7,1
DA:8,1
DA:11,2
DA:14,2
DA:15,2
DA:17,2
DA:18,2
DA:19,2
DA:26,2
DA:27,2
DA:29,2
DA:31,2
DA:34,1
LF:18
LH:18
BRF:0
BRH:0
end_of_record
TN:
SF:src\middleware\authMiddleware.js
FN:1,requireAuth
FNF:1
FNH:1
FNDA:2,requireAuth
DA:2,2
DA:3,1
DA:7,2
LF:3
LH:3
BRDA:2,0,0,1
BRDA:2,0,1,1
BRDA:2,1,0,2
BRDA:2,1,1,1
BRF:4
BRH:4
end_of_record
TN:
SF:src\routes\auth.js
FN:6,(anonymous_0)
FN:10,(anonymous_1)
FN:24,(anonymous_2)
FN:28,(anonymous_3)
FN:38,(anonymous_4)
FN:39,(anonymous_5)
FNF:6
FNH:2
FNDA:0,(anonymous_0)
FNDA:1,(anonymous_1)
FNDA:0,(anonymous_2)
FNDA:1,(anonymous_3)
FNDA:0,(anonymous_4)
FNDA:0,(anonymous_5)
DA:1,1
DA:2,1
DA:3,1
DA:6,1
DA:7,0
DA:10,1
DA:11,1
DA:12,1
DA:13,0
DA:14,0
DA:15,0
DA:16,0
DA:18,0
DA:19,0
DA:24,1
DA:25,0
DA:28,1
DA:29,1
DA:30,1
DA:31,0
DA:32,0
DA:33,0
DA:34,0
DA:38,1
DA:39,0
DA:40,0
DA:41,0
DA:45,1
LF:28
LH:13
BRDA:11,0,0,1
BRDA:11,0,1,0
BRDA:12,1,0,1
BRDA:12,1,1,0
BRDA:12,2,0,1
BRDA:12,2,1,0
BRDA:18,3,0,0
BRDA:18,3,1,0
BRDA:29,4,0,1
BRDA:29,4,1,0
BRDA:30,5,0,1
BRDA:30,5,1,0
BRDA:30,6,0,1
BRDA:30,6,1,0
BRDA:32,7,0,0
BRDA:32,7,1,0
BRDA:40,8,0,0
BRDA:40,8,1,0
BRF:18
BRH:6
end_of_record
TN:
SF:src\routes\main.js
FN:5,(anonymous_0)
FNF:1
FNH:0
FNDA:0,(anonymous_0)
DA:1,1
DA:2,1
DA:3,1
DA:5,1
DA:6,0
DA:7,0
DA:10,1
LF:7
LH:5
BRF:0
BRH:0
end_of_record
TN:
SF:src\services\userService.js
FN:8,createUser
FN:9,(anonymous_1)
FN:19,authenticate
FN:20,(anonymous_3)
FN:27,findUserByUsername
FN:28,(anonymous_5)
FN:32,_resetForTests
FNF:7
FNH:7
FNDA:5,createUser
FNDA:1,(anonymous_1)
FNDA:2,authenticate
FNDA:2,(anonymous_3)
FNDA:1,findUserByUsername
FNDA:1,(anonymous_5)
FNDA:5,_resetForTests
DA:2,2
DA:5,2
DA:9,5
DA:10,1
DA:12,4
DA:13,4
DA:14,4
DA:15,4
DA:20,2
DA:21,2
DA:22,2
DA:23,2
DA:28,1
DA:33,5
DA:37,2
LF:15
LH:15
BRDA:9,0,0,1
BRDA:9,0,1,4
BRDA:21,1,0,0
BRDA:21,1,1,2
BRDA:23,2,0,1
BRDA:23,2,1,1
BRDA:28,3,0,1
BRDA:28,3,1,0
BRF:8
BRH:6
end_of_record
